
=== Sun Aug 25 22:11:21 2019

Packages were changed.
Update Mode: updateDependencies

The following packages were updated:
  com.unity.ide.rider from version 1.0.8 to 1.1.0
  com.unity.probuilder from version 4.0.5 to 4.1.0
  com.unity.render-pipelines.high-definition from version 6.9.1-preview to 7.0.1
  com.unity.visualeffectgraph from version 6.9.1-preview to 7.0.1
The following packages were removed:
  com.unity.package-manager-ui@2.2.0

=== Sat Sep 14 07:48:36 2019

Packages were changed.
Update Mode: updateDependencies

The following packages were updated:
  com.unity.timeline from version 1.1.0 to 1.2.1

=== Thu Oct  3 07:17:51 2019

Packages were changed.
Update Mode: updateDependencies

The following packages were updated:
  com.unity.ide.vscode from version 1.0.7 to 1.1.2
  com.unity.render-pipelines.high-definition from version 7.0.1 to 7.1.1
  com.unity.timeline from version 1.2.1 to 1.2.2
  com.unity.visualeffectgraph from version 7.0.1 to 7.1.1

=== Thu Oct 24 09:20:58 2019

Packages were changed.
Update Mode: updateDependencies

The following packages were updated:
  com.unity.timeline from version 1.2.2 to 1.2.4

=== Sat Nov 16 07:32:32 2019

Packages were changed.
Update Mode: updateDependencies

The following packages were updated:
  com.unity.timeline from version 1.2.4 to 1.2.6

=== Sat Nov 30 08:35:12 2019

Packages were changed.
Update Mode: updateDependencies

The following packages were updated:
  com.unity.ide.vscode from version 1.1.2 to 1.1.3
  com.unity.visualeffectgraph from version 7.1.1 to 7.1.5
